2025-10-13T15:18:46.848-06:00  INFO 12108 --- [GDOC Application] [JavaFX-Launcher] o.s.boot.SpringApplication               : Starting application using Java 21.0.8 with PID 12108 (started by David in C:\Users\Usuario\Desktop\Proyecto DEPA)
2025-10-13T15:18:46.852-06:00  INFO 12108 --- [GDOC Application] [JavaFX-Launcher] o.s.boot.SpringApplication               : No active profile set, falling back to 1 default profile: "default"
2025-10-13T15:18:48.524-06:00  INFO 12108 --- [GDOC Application] [JavaFX-Launcher] .s.d.r.c.RepositoryConfigurationDelegate : Bootstrapping Spring Data JPA repositories in DEFAULT mode.
2025-10-13T15:18:48.707-06:00  INFO 12108 --- [GDOC Application] [JavaFX-Launcher] .s.d.r.c.RepositoryConfigurationDelegate : Finished Spring Data repository scanning in 158 ms. Found 4 JPA repository interfaces.
2025-10-13T15:18:50.411-06:00  INFO 12108 --- [GDOC Application] [JavaFX-Launcher] o.s.b.w.embedded.tomcat.TomcatWebServer  : Tomcat initialized with port 8080 (http)
2025-10-13T15:18:50.448-06:00  INFO 12108 --- [GDOC Application] [JavaFX-Launcher] o.apache.catalina.core.StandardService   : Starting service [Tomcat]
2025-10-13T15:18:50.450-06:00  INFO 12108 --- [GDOC Application] [JavaFX-Launcher] o.apache.catalina.core.StandardEngine    : Starting Servlet engine: [Apache Tomcat/10.1.16]
2025-10-13T15:18:50.599-06:00  INFO 12108 --- [GDOC Application] [JavaFX-Launcher] o.a.c.c.C.[Tomcat].[localhost].[/]       : Initializing Spring embedded WebApplicationContext
2025-10-13T15:18:50.625-06:00  INFO 12108 --- [GDOC Application] [JavaFX-Launcher] w.s.c.ServletWebServerApplicationContext : Root WebApplicationContext: initialization completed in 3666 ms
2025-10-13T15:18:50.974-06:00  INFO 12108 --- [GDOC Application] [JavaFX-Launcher] o.hibernate.jpa.internal.util.LogHelper  : HHH000204: Processing PersistenceUnitInfo [name: default]
2025-10-13T15:18:51.079-06:00  INFO 12108 --- [GDOC Application] [JavaFX-Launcher] org.hibernate.Version                    : HHH000412: Hibernate ORM core version 6.3.1.Final
2025-10-13T15:18:51.142-06:00  INFO 12108 --- [GDOC Application] [JavaFX-Launcher] o.h.c.internal.RegionFactoryInitiator    : HHH000026: Second-level cache disabled
2025-10-13T15:18:51.581-06:00  INFO 12108 --- [GDOC Application] [JavaFX-Launcher] o.s.o.j.p.SpringPersistenceUnitInfo      : No LoadTimeWeaver setup: ignoring JPA class transformer
2025-10-13T15:18:51.624-06:00  INFO 12108 --- [GDOC Application] [JavaFX-Launcher] com.zaxxer.hikari.HikariDataSource       : HikariPool-1 - Starting...
2025-10-13T15:18:51.993-06:00  INFO 12108 --- [GDOC Application] [JavaFX-Launcher] com.zaxxer.hikari.pool.HikariPool        : HikariPool-1 - Added connection com.mysql.cj.jdbc.ConnectionImpl@508721db
2025-10-13T15:18:52.000-06:00  INFO 12108 --- [GDOC Application] [JavaFX-Launcher] com.zaxxer.hikari.HikariDataSource       : HikariPool-1 - Start completed.
2025-10-13T15:18:52.085-06:00  WARN 12108 --- [GDOC Application] [JavaFX-Launcher] org.hibernate.orm.deprecation            : HHH90000025: MySQL8Dialect does not need to be specified explicitly using 'hibernate.dialect' (remove the property setting and it will be selected by default)
2025-10-13T15:18:52.086-06:00  WARN 12108 --- [GDOC Application] [JavaFX-Launcher] org.hibernate.orm.deprecation            : HHH90000026: MySQL8Dialect has been deprecated; use org.hibernate.dialect.MySQLDialect instead
2025-10-13T15:18:53.348-06:00  INFO 12108 --- [GDOC Application] [JavaFX-Launcher] o.h.e.t.j.p.i.JtaPlatformInitiator       : HHH000489: No JTA platform available (set 'hibernate.transaction.jta.platform' to enable JTA platform integration)
2025-10-13T15:18:53.519-06:00  INFO 12108 --- [GDOC Application] [JavaFX-Launcher] j.LocalContainerEntityManagerFactoryBean : Initialized JPA EntityManagerFactory for persistence unit 'default'
2025-10-13T15:18:54.483-06:00  INFO 12108 --- [GDOC Application] [JavaFX-Launcher] o.s.d.j.r.query.QueryEnhancerFactory     : Hibernate is in classpath; If applicable, HQL parser will be used.
2025-10-13T15:18:55.875-06:00  WARN 12108 --- [GDOC Application] [JavaFX-Launcher] JpaBaseConfiguration$JpaWebConfiguration : spring.jpa.open-in-view is enabled by default. Therefore, database queries may be performed during view rendering. Explicitly configure spring.jpa.open-in-view to disable this warning
2025-10-13T15:18:56.586-06:00  INFO 12108 --- [GDOC Application] [JavaFX-Launcher] o.s.b.w.embedded.tomcat.TomcatWebServer  : Tomcat started on port 8080 (http) with context path ''
2025-10-13T15:18:56.599-06:00  INFO 12108 --- [GDOC Application] [JavaFX-Launcher] o.s.boot.SpringApplication               : Started application in 10.879 seconds (process running for 12.701)
2025-10-13T15:18:56.604-06:00  INFO 12108 --- [GDOC Application] [JavaFX-Launcher] com.gidoc.gdoc.HelloApplication          : Spring Boot inicializado correctamente
2025-10-13T15:18:56.765-06:00 DEBUG 12108 --- [GDOC Application] [JavaFX-Launcher] org.hibernate.SQL                        : 
    select
        u1_0.id,
        u1_0.activo,
        u1_0.administrador,
        u1_0.email,
        u1_0.fecha_creacion,
        u1_0.fecha_ultimo_acceso,
        u1_0.nombre_completo,
        u1_0.password,
        u1_0.username 
    from
        usuarios u1_0 
    where
        u1_0.activo=1 
        and u1_0.username=?
2025-10-13T15:18:56.805-06:00  INFO 12108 --- [GDOC Application] [JavaFX-Launcher] com.gidoc.gdoc.HelloApplication          : ✅ Usuario administrador ya existe
2025-10-13T15:18:56.828-06:00  INFO 12108 --- [GDOC Application] [JavaFX Application Thread] com.gidoc.gdoc.HelloApplication          : Iniciando aplicación JavaFX...
2025-10-13T15:18:57.955-06:00  INFO 12108 --- [GDOC Application] [JavaFX Application Thread] c.g.g.U.w.c.ApplicationManager           : Ventana de login mostrada correctamente
2025-10-13T15:18:57.958-06:00  INFO 12108 --- [GDOC Application] [JavaFX Application Thread] com.gidoc.gdoc.HelloApplication          : Aplicación JavaFX iniciada correctamente
2025-10-13T15:19:57.846-06:00  INFO 12108 --- [GDOC Application] [JavaFX Application Thread] c.g.g.U.w.c.ApplicationManager           : Aplicación cerrada desde login
2025-10-13T15:19:57.940-06:00  INFO 12108 --- [GDOC Application] [JavaFX Application Thread] com.gidoc.gdoc.HelloApplication          : Deteniendo aplicación...
2025-10-13T15:19:57.954-06:00  INFO 12108 --- [GDOC Application] [JavaFX Application Thread] j.LocalContainerEntityManagerFactoryBean : Closing JPA EntityManagerFactory for persistence unit 'default'
2025-10-13T15:19:57.959-06:00  INFO 12108 --- [GDOC Application] [JavaFX Application Thread] com.zaxxer.hikari.HikariDataSource       : HikariPool-1 - Shutdown initiated...
2025-10-13T15:19:57.973-06:00  INFO 12108 --- [GDOC Application] [JavaFX Application Thread] com.zaxxer.hikari.HikariDataSource       : HikariPool-1 - Shutdown completed.
